#
# A fatal error has been detected by the Java Runtime Environment:
#
#  Internal Error (t:/workspace/open/src/hotspot/share/oops/generateOopMap.cpp:2164), pid=2716, tid=9364
#  fatal error: Illegal class file encountered. Try running with -Xverify:all in method main
#
# JRE version: Java(TM) SE Runtime Environment (11.0.1+13) (build 11.0.1+13-LTS)
# Java VM: Java HotSpot(TM) 64-Bit Server VM (11.0.1+13-LTS, mixed mode, tiered, compressed oops, g1 gc, windows-amd64)
# No core dump will be written. Minidumps are not enabled by default on client versions of Windows
#
# If you would like to submit a bug report, please visit:
#   http://bugreport.java.com/bugreport/crash.jsp
#

---------------  S U M M A R Y ------------

Command Line: -agentlib:jdwp=transport=dt_socket,suspend=y,address=localhost:51453 -javaagent:C:\eclipse\configuration\org.eclipse.osgi\409\0\.cp\lib\javaagent-shaded.jar -Dfile.encoding=Cp1252 cursojava.executavel.PrimeiraClasseJava

Host: Intel(R) Core(TM) i5-7200U CPU @ 2.50GHz, 4 cores, 7G,  Windows 10 , 64 bit Build 19041 (10.0.19041.2913)
Time: Tue May 23 22:44:16 2023 Hora oficial do Brasil elapsed time: 451 seconds (0d 0h 7m 31s)

---------------  T H R E A D  ---------------

Current thread (0x000002827fe4c000):  VMThread "VM Thread" [stack: 0x000000ff5e500000,0x000000ff5e600000] [id=9364]

Stack: [0x000000ff5e500000,0x000000ff5e600000]
[error occurred during error reporting (printing stack bounds), id 0xc0000005, EXCEPTION_ACCESS_VIOLATION (0xc0000005) at pc=0x0000028208250bad]

Native frames: (J=compiled Java code, j=interpreted, Vv=VM code, C=native code)
V  [jvm.dll+0x63c21a]
V  [jvm.dll+0x7797df]
V  [jvm.dll+0x77adca]
V  [jvm.dll+0x77b3e5]
V  [jvm.dll+0x77b39b]
V  [jvm.dll+0x63b916]
V  [jvm.dll+0x63bce8]
C  [ntdll.dll+0xa23df]
C  [ntdll.dll+0x514a4]
C  [ntdll.dll+0xa0f0e]
C  0x0000028208250bad

VM_Operation (0x000000ff5eeff670): GetOrSetLocal, mode: safepoint, requested by thread 0x000002821bbc5000


---------------  P R O C E S S  ---------------

Threads class SMR info:
_java_thread_list=0x000002821bcb0460, length=13, elements={
0x000002827ada6800, 0x000002827fe74800, 0x000002827fe7d800, 0x000002827fe90800,
0x000002827fe91000, 0x000002827fe9b800, 0x000002827fea3800, 0x000002827feaa800,
0x000002827fe05800, 0x000002821bbc5000, 0x000002821bbcc000, 0x000002821bbd0800,
0x000002821bdce000
}

Java Threads: ( => current thread )
  0x000002827ada6800 JavaThread "main" [_thread_blocked, id=2196, stack(0x000000ff5df00000,0x000000ff5e000000)]
  0x000002827fe74800 JavaThread "Reference Handler" daemon [_thread_blocked, id=2540, stack(0x000000ff5e600000,0x000000ff5e700000)]
  0x000002827fe7d800 JavaThread "Finalizer" daemon [_thread_blocked, id=10744, stack(0x000000ff5e700000,0x000000ff5e800000)]
  0x000002827fe90800 JavaThread "Signal Dispatcher" daemon [_thread_blocked, id=432, stack(0x000000ff5e800000,0x000000ff5e900000)]
  0x000002827fe91000 JavaThread "Attach Listener" daemon [_thread_blocked, id=396, stack(0x000000ff5e900000,0x000000ff5ea00000)]
  0x000002827fe9b800 JavaThread "C2 CompilerThread0" daemon [_thread_blocked, id=5144, stack(0x000000ff5ea00000,0x000000ff5eb00000)]
  0x000002827fea3800 JavaThread "C1 CompilerThread0" daemon [_thread_blocked, id=6564, stack(0x000000ff5eb00000,0x000000ff5ec00000)]
  0x000002827feaa800 JavaThread "Sweeper thread" daemon [_thread_blocked, id=9384, stack(0x000000ff5ec00000,0x000000ff5ed00000)]
  0x000002827fe05800 JavaThread "Common-Cleaner" daemon [_thread_blocked, id=2976, stack(0x000000ff5ed00000,0x000000ff5ee00000)]
  0x000002821bbc5000 JavaThread "JDWP Transport Listener: dt_socket" daemon [_thread_blocked, id=8688, stack(0x000000ff5ee00000,0x000000ff5ef00000)] _threads_hazard_ptr=0x000002821bcb0460
  0x000002821bbcc000 JavaThread "JDWP Event Helper Thread" daemon [_thread_blocked, id=5628, stack(0x000000ff5ef00000,0x000000ff5f000000)]
  0x000002821bbd0800 JavaThread "JDWP Command Reader" daemon [_thread_in_native, id=4692, stack(0x000000ff5f000000,0x000000ff5f100000)]
  0x000002821bdce000 JavaThread "Service Thread" daemon [_thread_blocked, id=7348, stack(0x000000ff5f100000,0x000000ff5f200000)]

Other Threads:
=>0x000002827fe4c000 VMThread "VM Thread" [stack: 0x000000ff5e500000,0x000000ff5e600000] [id=9364]
  0x000002821bcd6800 WatcherThread [stack: 0x000000ff5f200000,0x000000ff5f300000] [id=7604]
  0x000002827adbc800 GCTaskThread "GC Thread#0" [stack: 0x000000ff5e000000,0x000000ff5e100000] [id=2504]
  0x000002827adec000 ConcurrentGCThread "G1 Main Marker" [stack: 0x000000ff5e100000,0x000000ff5e200000] [id=4636]
  0x000002827adee800 ConcurrentGCThread "G1 Conc#0" [stack: 0x000000ff5e200000,0x000000ff5e300000] [id=1904]
  0x000002827ae7f800 ConcurrentGCThread "G1 Refine#0" [stack: 0x000000ff5e300000,0x000000ff5e400000] [id=5872]
  0x000002827ae80800 ConcurrentGCThread "G1 Young RemSet Sampling" [stack: 0x000000ff5e400000,0x000000ff5e500000] [id=10508]

Threads with active compile tasks:

VM state:at safepoint (normal execution)

VM Mutex/Monitor currently owned by a thread:  ([mutex/lock_event])
[0x000002827ada3f80] Threads_lock - owner thread: 0x000002827fe4c000

Heap address: 0x0000000082000000, size: 2016 MB, Compressed Oops mode: 32-bit
Narrow klass base: 0x0000000000000000, Narrow klass shift: 3
Compressed class space size: 1073741824 Address: 0x0000000100000000

Heap:
 garbage-first heap   total 129024K, used 4096K [0x0000000082000000, 0x0000000100000000)
  region size 1024K, 5 young (5120K), 0 survivors (0K)
 Metaspace       used 8721K, capacity 8802K, committed 9088K, reserved 1056768K
  class space    used 764K, capacity 802K, committed 896K, reserved 1048576K
Heap Regions: E=young(eden), S=young(survivor), O=old, HS=humongous(starts), HC=humongous(continues), CS=collection set, F=free, A=archive, TAMS=top-at-mark-start (previous, next)
|   0|0x0000000082000000, 0x0000000082000000, 0x0000000082100000|  0%| F|  |TAMS 0x0000000082000000, 0x0000000082000000| Untracked 
|   1|0x0000000082100000, 0x0000000082100000, 0x0000000082200000|  0%| F|  |TAMS 0x0000000082100000, 0x0000000082100000| Untracked 
|   2|0x0000000082200000, 0x0000000082200000, 0x0000000082300000|  0%| F|  |TAMS 0x0000000082200000, 0x0000000082200000| Untracked 
|   3|0x0000000082300000, 0x0000000082300000, 0x0000000082400000|  0%| F|  |TAMS 0x0000000082300000, 0x0000000082300000| Untracked 
|   4|0x0000000082400000, 0x0000000082400000, 0x0000000082500000|  0%| F|  |TAMS 0x0000000082400000, 0x0000000082400000| Untracked 
|   5|0x0000000082500000, 0x0000000082500000, 0x0000000082600000|  0%| F|  |TAMS 0x0000000082500000, 0x0000000082500000| Untracked 
|   6|0x0000000082600000, 0x0000000082600000, 0x0000000082700000|  0%| F|  |TAMS 0x0000000082600000, 0x0000000082600000| Untracked 
|   7|0x0000000082700000, 0x0000000082700000, 0x0000000082800000|  0%| F|  |TAMS 0x0000000082700000, 0x0000000082700000| Untracked 
|   8|0x0000000082800000, 0x0000000082800000, 0x0000000082900000|  0%| F|  |TAMS 0x0000000082800000, 0x0000000082800000| Untracked 
|   9|0x0000000082900000, 0x0000000082900000, 0x0000000082a00000|  0%| F|  |TAMS 0x0000000082900000, 0x0000000082900000| Untracked 
|  10|0x0000000082a00000, 0x0000000082a00000, 0x0000000082b00000|  0%| F|  |TAMS 0x0000000082a00000, 0x0000000082a00000| Untracked 
|  11|0x0000000082b00000, 0x0000000082b00000, 0x0000000082c00000|  0%| F|  |TAMS 0x0000000082b00000, 0x0000000082b00000| Untracked 
|  12|0x0000000082c00000, 0x0000000082c00000, 0x0000000082d00000|  0%| F|  |TAMS 0x0000000082c00000, 0x0000000082c00000| Untracked 
|  13|0x0000000082d00000, 0x0000000082d00000, 0x0000000082e00000|  0%| F|  |TAMS 0x0000000082d00000, 0x0000000082d00000| Untracked 
|  14|0x0000000082e00000, 0x0000000082e00000, 0x0000000082f00000|  0%| F|  |TAMS 0x0000000082e00000, 0x0000000082e00000| Untracked 
|  15|0x0000000082f00000, 0x0000000082f00000, 0x0000000083000000|  0%| F|  |TAMS 0x0000000082f00000, 0x0000000082f00000| Untracked 
|  16|0x0000000083000000, 0x0000000083000000, 0x0000000083100000|  0%| F|  |TAMS 0x0000000083000000, 0x0000000083000000| Untracked 
|  17|0x0000000083100000, 0x0000000083100000, 0x0000000083200000|  0%| F|  |TAMS 0x0000000083100000, 0x0000000083100000| Untracked 
|  18|0x0000000083200000, 0x0000000083200000, 0x0000000083300000|  0%| F|  |TAMS 0x0000000083200000, 0x0000000083200000| Untracked 
|  19|0x0000000083300000, 0x0000000083300000, 0x0000000083400000|  0%| F|  |TAMS 0x0000000083300000, 0x0000000083300000| Untracked 
|  20|0x0000000083400000, 0x0000000083400000, 0x0000000083500000|  0%| F|  |TAMS 0x0000000083400000, 0x0000000083400000| Untracked 
|  21|0x0000000083500000, 0x0000000083500000, 0x0000000083600000|  0%| F|  |TAMS 0x0000000083500000, 0x0000000083500000| Untracked 
|  22|0x0000000083600000, 0x0000000083600000, 0x0000000083700000|  0%| F|  |TAMS 0x0000000083600000, 0x0000000083600000| Untracked 
|  23|0x0000000083700000, 0x0000000083700000, 0x0000000083800000|  0%| F|  |TAMS 0x0000000083700000, 0x0000000083700000| Untracked 
|  24|0x0000000083800000, 0x0000000083800000, 0x0000000083900000|  0%| F|  |TAMS 0x0000000083800000, 0x0000000083800000| Untracked 
|  25|0x0000000083900000, 0x0000000083900000, 0x0000000083a00000|  0%| F|  |TAMS 0x0000000083900000, 0x0000000083900000| Untracked 
|  26|0x0000000083a00000, 0x0000000083a00000, 0x0000000083b00000|  0%| F|  |TAMS 0x0000000083a00000, 0x0000000083a00000| Untracked 
|  27|0x0000000083b00000, 0x0000000083b00000, 0x0000000083c00000|  0%| F|  |TAMS 0x0000000083b00000, 0x0000000083b00000| Untracked 
|  28|0x0000000083c00000, 0x0000000083c00000, 0x0000000083d00000|  0%| F|  |TAMS 0x0000000083c00000, 0x0000000083c00000| Untracked 
|  29|0x0000000083d00000, 0x0000000083d00000, 0x0000000083e00000|  0%| F|  |TAMS 0x0000000083d00000, 0x0000000083d00000| Untracked 
|  30|0x0000000083e00000, 0x0000000083e00000, 0x0000000083f00000|  0%| F|  |TAMS 0x0000000083e00000, 0x0000000083e00000| Untracked 
|  31|0x0000000083f00000, 0x0000000083f00000, 0x0000000084000000|  0%| F|  |TAMS 0x0000000083f00000, 0x0000000083f00000| Untracked 
|  32|0x0000000084000000, 0x0000000084000000, 0x0000000084100000|  0%| F|  |TAMS 0x0000000084000000, 0x0000000084000000| Untracked 
|  33|0x0000000084100000, 0x0000000084100000, 0x0000000084200000|  0%| F|  |TAMS 0x0000000084100000, 0x0000000084100000| Untracked 
|  34|0x0000000084200000, 0x0000000084200000, 0x0000000084300000|  0%| F|  |TAMS 0x0000000084200000, 0x0000000084200000| Untracked 
|  35|0x0000000084300000, 0x0000000084300000, 0x0000000084400000|  0%| F|  |TAMS 0x0000000084300000, 0x0000000084300000| Untracked 
|  36|0x0000000084400000, 0x0000000084400000, 0x0000000084500000|  0%| F|  |TAMS 0x0000000084400000, 0x0000000084400000| Untracked 
|  37|0x0000000084500000, 0x0000000084500000, 0x0000000084600000|  0%| F|  |TAMS 0x0000000084500000, 0x0000000084500000| Untracked 
|  38|0x0000000084600000, 0x0000000084600000, 0x0000000084700000|  0%| F|  |TAMS 0x0000000084600000, 0x0000000084600000| Untracked 
|  39|0x0000000084700000, 0x0000000084700000, 0x0000000084800000|  0%| F|  |TAMS 0x0000000084700000, 0x0000000084700000| Untracked 
|  40|0x0000000084800000, 0x0000000084800000, 0x0000000084900000|  0%| F|  |TAMS 0x0000000084800000, 0x0000000084800000| Untracked 
|  41|0x0000000084900000, 0x0000000084900000, 0x0000000084a00000|  0%| F|  |TAMS 0x0000000084900000, 0x0000000084900000| Untracked 
|  42|0x0000000084a00000, 0x0000000084a00000, 0x0000000084b00000|  0%| F|  |TAMS 0x0000000084a00000, 0x0000000084a00000| Untracked 
|  43|0x0000000084b00000, 0x0000000084b00000, 0x0000000084c00000|  0%| F|  |TAMS 0x0000000084b00000, 0x0000000084b00000| Untracked 
|  44|0x0000000084c00000, 0x0000000084c00000, 0x0000000084d00000|  0%| F|  |TAMS 0x0000000084c00000, 0x0000000084c00000| Untracked 
|  45|0x0000000084d00000, 0x0000000084d00000, 0x0000000084e00000|  0%| F|  |TAMS 0x0000000084d00000, 0x0000000084d00000| Untracked 
|  46|0x0000000084e00000, 0x0000000084e00000, 0x0000000084f00000|  0%| F|  |TAMS 0x0000000084e00000, 0x0000000084e00000| Untracked 
|  47|0x0000000084f00000, 0x0000000084f00000, 0x0000000085000000|  0%| F|  |TAMS 0x0000000084f00000, 0x0000000084f00000| Untracked 
|  48|0x0000000085000000, 0x0000000085000000, 0x0000000085100000|  0%| F|  |TAMS 0x0000000085000000, 0x0000000085000000| Untracked 
|  49|0x0000000085100000, 0x0000000085100000, 0x0000000085200000|  0%| F|  |TAMS 0x0000000085100000, 0x0000000085100000| Untracked 
|  50|0x0000000085200000, 0x0000000085200000, 0x0000000085300000|  0%| F|  |TAMS 0x0000000085200000, 0x0000000085200000| Untracked 
|  51|0x0000000085300000, 0x0000000085300000, 0x0000000085400000|  0%| F|  |TAMS 0x0000000085300000, 0x0000000085300000| Untracked 
|  52|0x0000000085400000, 0x0000000085400000, 0x0000000085500000|  0%| F|  |TAMS 0x0000000085400000, 0x0000000085400000| Untracked 
|  53|0x0000000085500000, 0x0000000085500000, 0x0000000085600000|  0%| F|  |TAMS 0x0000000085500000, 0x0000000085500000| Untracked 
|  54|0x0000000085600000, 0x0000000085600000, 0x0000000085700000|  0%| F|  |TAMS 0x0000000085600000, 0x0000000085600000| Untracked 
|  55|0x0000000085700000, 0x0000000085700000, 0x0000000085800000|  0%| F|  |TAMS 0x0000000085700000, 0x0000000085700000| Untracked 
|  56|0x0000000085800000, 0x0000000085800000, 0x0000000085900000|  0%| F|  |TAMS 0x0000000085800000, 0x0000000085800000| Untracked 
|  57|0x0000000085900000, 0x0000000085900000, 0x0000000085a00000|  0%| F|  |TAMS 0x0000000085900000, 0x0000000085900000| Untracked 
|  58|0x0000000085a00000, 0x0000000085a00000, 0x0000000085b00000|  0%| F|  |TAMS 0x0000000085a00000, 0x0000000085a00000| Untracked 
|  59|0x0000000085b00000, 0x0000000085b00000, 0x0000000085c00000|  0%| F|  |TAMS 0x0000000085b00000, 0x0000000085b00000| Untracked 
|  60|0x0000000085c00000, 0x0000000085c00000, 0x0000000085d00000|  0%| F|  |TAMS 0x0000000085c00000, 0x0000000085c00000| Untracked 
|  61|0x0000000085d00000, 0x0000000085d00000, 0x0000000085e00000|  0%| F|  |TAMS 0x0000000085d00000, 0x0000000085d00000| Untracked 
|  62|0x0000000085e00000, 0x0000000085e00000, 0x0000000085f00000|  0%| F|  |TAMS 0x0000000085e00000, 0x0000000085e00000| Untracked 
|  63|0x0000000085f00000, 0x0000000085f00000, 0x0000000086000000|  0%| F|  |TAMS 0x0000000085f00000, 0x0000000085f00000| Untracked 
|  64|0x0000000086000000, 0x0000000086000000, 0x0000000086100000|  0%| F|  |TAMS 0x0000000086000000, 0x0000000086000000| Untracked 
|  65|0x0000000086100000, 0x0000000086100000, 0x0000000086200000|  0%| F|  |TAMS 0x0000000086100000, 0x0000000086100000| Untracked 
|  66|0x0000000086200000, 0x0000000086200000, 0x0000000086300000|  0%| F|  |TAMS 0x0000000086200000, 0x0000000086200000| Untracked 
|  67|0x0000000086300000, 0x0000000086300000, 0x0000000086400000|  0%| F|  |TAMS 0x0000000086300000, 0x0000000086300000| Untracked 
|  68|0x0000000086400000, 0x0000000086400000, 0x0000000086500000|  0%| F|  |TAMS 0x0000000086400000, 0x0000000086400000| Untracked 
|  69|0x0000000086500000, 0x0000000086500000, 0x0000000086600000|  0%| F|  |TAMS 0x0000000086500000, 0x0000000086500000| Untracked 
|  70|0x0000000086600000, 0x0000000086600000, 0x0000000086700000|  0%| F|  |TAMS 0x0000000086600000, 0x0000000086600000| Untracked 
|  71|0x0000000086700000, 0x0000000086700000, 0x0000000086800000|  0%| F|  |TAMS 0x0000000086700000, 0x0000000086700000| Untracked 
|  72|0x0000000086800000, 0x0000000086800000, 0x0000000086900000|  0%| F|  |TAMS 0x0000000086800000, 0x0000000086800000| Untracked 
|  73|0x0000000086900000, 0x0000000086900000, 0x0000000086a00000|  0%| F|  |TAMS 0x0000000086900000, 0x0000000086900000| Untracked 
|  74|0x0000000086a00000, 0x0000000086a00000, 0x0000000086b00000|  0%| F|  |TAMS 0x0000000086a00000, 0x0000000086a00000| Untracked 
|  75|0x0000000086b00000, 0x0000000086b00000, 0x0000000086c00000|  0%| F|  |TAMS 0x0000000086b00000, 0x0000000086b00000| Untracked 
|  76|0x0000000086c00000, 0x0000000086c00000, 0x0000000086d00000|  0%| F|  |TAMS 0x0000000086c00000, 0x0000000086c00000| Untracked 
|  77|0x0000000086d00000, 0x0000000086d00000, 0x0000000086e00000|  0%| F|  |TAMS 0x0000000086d00000, 0x0000000086d00000| Untracked 
|  78|0x0000000086e00000, 0x0000000086e00000, 0x0000000086f00000|  0%| F|  |TAMS 0x0000000086e00000, 0x0000000086e00000| Untracked 
|  79|0x0000000086f00000, 0x0000000086f00000, 0x0000000087000000|  0%| F|  |TAMS 0x0000000086f00000, 0x0000000086f00000| Untracked 
|  80|0x0000000087000000, 0x0000000087000000, 0x0000000087100000|  0%| F|  |TAMS 0x0000000087000000, 0x0000000087000000| Untracked 
|  81|0x0000000087100000, 0x0000000087100000, 0x0000000087200000|  0%| F|  |TAMS 0x0000000087100000, 0x0000000087100000| Untracked 
|  82|0x0000000087200000, 0x0000000087200000, 0x0000000087300000|  0%| F|  |TAMS 0x0000000087200000, 0x0000000087200000| Untracked 
|  83|0x0000000087300000, 0x0000000087300000, 0x0000000087400000|  0%| F|  |TAMS 0x0000000087300000, 0x0000000087300000| Untracked 
|  84|0x0000000087400000, 0x0000000087400000, 0x0000000087500000|  0%| F|  |TAMS 0x0000000087400000, 0x0000000087400000| Untracked 
|  85|0x0000000087500000, 0x0000000087500000, 0x0000000087600000|  0%| F|  |TAMS 0x0000000087500000, 0x0000000087500000| Untracked 
|  86|0x0000000087600000, 0x0000000087600000, 0x0000000087700000|  0%| F|  |TAMS 0x0000000087600000, 0x0000000087600000| Untracked 
|  87|0x0000000087700000, 0x0000000087700000, 0x0000000087800000|  0%| F|  |TAMS 0x0000000087700000, 0x0000000087700000| Untracked 
|  88|0x0000000087800000, 0x0000000087800000, 0x0000000087900000|  0%| F|  |TAMS 0x0000000087800000, 0x0000000087800000| Untracked 
|  89|0x0000000087900000, 0x0000000087900000, 0x0000000087a00000|  0%| F|  |TAMS 0x0000000087900000, 0x0000000087900000| Untracked 
|  90|0x0000000087a00000, 0x0000000087a00000, 0x0000000087b00000|  0%| F|  |TAMS 0x0000000087a00000, 0x0000000087a00000| Untracked 
|  91|0x0000000087b00000, 0x0000000087b00000, 0x0000000087c00000|  0%| F|  |TAMS 0x0000000087b00000, 0x0000000087b00000| Untracked 
|  92|0x0000000087c00000, 0x0000000087c00000, 0x0000000087d00000|  0%| F|  |TAMS 0x0000000087c00000, 0x0000000087c00000| Untracked 
|  93|0x0000000087d00000, 0x0000000087d00000, 0x0000000087e00000|  0%| F|  |TAMS 0x0000000087d00000, 0x0000000087d00000| Untracked 
|  94|0x0000000087e00000, 0x0000000087e00000, 0x0000000087f00000|  0%| F|  |TAMS 0x0000000087e00000, 0x0000000087e00000| Untracked 
|  95|0x0000000087f00000, 0x0000000087f00000, 0x0000000088000000|  0%| F|  |TAMS 0x0000000087f00000, 0x0000000087f00000| Untracked 
|  96|0x0000000088000000, 0x0000000088000000, 0x0000000088100000|  0%| F|  |TAMS 0x0000000088000000, 0x0000000088000000| Untracked 
|  97|0x0000000088100000, 0x0000000088100000, 0x0000000088200000|  0%| F|  |TAMS 0x0000000088100000, 0x0000000088100000| Untracked 
|  98|0x0000000088200000, 0x0000000088200000, 0x0000000088300000|  0%| F|  |TAMS 0x0000000088200000, 0x0000000088200000| Untracked 
|  99|0x0000000088300000, 0x0000000088300000, 0x0000000088400000|  0%| F|  |TAMS 0x0000000088300000, 0x0000000088300000| Untracked 
| 100|0x0000000088400000, 0x0000000088400000, 0x0000000088500000|  0%| F|  |TAMS 0x0000000088400000, 0x0000000088400000| Untracked 
| 101|0x0000000088500000, 0x0000000088500000, 0x0000000088600000|  0%| F|  |TAMS 0x0000000088500000, 0x0000000088500000| Untracked 
| 102|0x0000000088600000, 0x0000000088600000, 0x0000000088700000|  0%| F|  |TAMS 0x0000000088600000, 0x0000000088600000| Untracked 
| 103|0x0000000088700000, 0x0000000088700000, 0x0000000088800000|  0%| F|  |TAMS 0x0000000088700000, 0x0000000088700000| Untracked 
| 104|0x0000000088800000, 0x0000000088800000, 0x0000000088900000|  0%| F|  |TAMS 0x0000000088800000, 0x0000000088800000| Untracked 
| 105|0x0000000088900000, 0x0000000088900000, 0x0000000088a00000|  0%| F|  |TAMS 0x0000000088900000, 0x0000000088900000| Untracked 
| 106|0x0000000088a00000, 0x0000000088a00000, 0x0000000088b00000|  0%| F|  |TAMS 0x0000000088a00000, 0x0000000088a00000| Untracked 
| 107|0x0000000088b00000, 0x0000000088b00000, 0x0000000088c00000|  0%| F|  |TAMS 0x0000000088b00000, 0x0000000088b00000| Untracked 
| 108|0x0000000088c00000, 0x0000000088c00000, 0x0000000088d00000|  0%| F|  |TAMS 0x0000000088c00000, 0x0000000088c00000| Untracked 
| 109|0x0000000088d00000, 0x0000000088d00000, 0x0000000088e00000|  0%| F|  |TAMS 0x0000000088d00000, 0x0000000088d00000| Untracked 
| 110|0x0000000088e00000, 0x0000000088e00000, 0x0000000088f00000|  0%| F|  |TAMS 0x0000000088e00000, 0x0000000088e00000| Untracked 
| 111|0x0000000088f00000, 0x0000000088f00000, 0x0000000089000000|  0%| F|  |TAMS 0x0000000088f00000, 0x0000000088f00000| Untracked 
| 112|0x0000000089000000, 0x0000000089000000, 0x0000000089100000|  0%| F|  |TAMS 0x0000000089000000, 0x0000000089000000| Untracked 
| 113|0x0000000089100000, 0x0000000089100000, 0x0000000089200000|  0%| F|  |TAMS 0x0000000089100000, 0x0000000089100000| Untracked 
| 114|0x0000000089200000, 0x0000000089200000, 0x0000000089300000|  0%| F|  |TAMS 0x0000000089200000, 0x0000000089200000| Untracked 
| 115|0x0000000089300000, 0x0000000089300000, 0x0000000089400000|  0%| F|  |TAMS 0x0000000089300000, 0x0000000089300000| Untracked 
| 116|0x0000000089400000, 0x0000000089400000, 0x0000000089500000|  0%| F|  |TAMS 0x0000000089400000, 0x0000000089400000| Untracked 
| 117|0x0000000089500000, 0x0000000089500000, 0x0000000089600000|  0%| F|  |TAMS 0x0000000089500000, 0x0000000089500000| Untracked 
| 118|0x0000000089600000, 0x0000000089600000, 0x0000000089700000|  0%| F|  |TAMS 0x0000000089600000, 0x0000000089600000| Untracked 
| 119|0x0000000089700000, 0x0000000089700000, 0x0000000089800000|  0%| F|  |TAMS 0x0000000089700000, 0x0000000089700000| Untracked 
| 120|0x0000000089800000, 0x0000000089800000, 0x0000000089900000|  0%| F|  |TAMS 0x0000000089800000, 0x0000000089800000| Untracked 
| 121|0x0000000089900000, 0x0000000089991db0, 0x0000000089a00000| 56%| E|  |TAMS 0x0000000089900000, 0x0000000089900000| Complete 
| 122|0x0000000089a00000, 0x0000000089b00000, 0x0000000089b00000|100%| E|CS|TAMS 0x0000000089a00000, 0x0000000089a00000| Complete 
| 123|0x0000000089b00000, 0x0000000089c00000, 0x0000000089c00000|100%| E|CS|TAMS 0x0000000089b00000, 0x0000000089b00000| Complete 
| 124|0x0000000089c00000, 0x0000000089d00000, 0x0000000089d00000|100%| E|CS|TAMS 0x0000000089c00000, 0x0000000089c00000| Complete 
| 125|0x0000000089d00000, 0x0000000089e00000, 0x0000000089e00000|100%| E|CS|TAMS 0x0000000089d00000, 0x0000000089d00000| Complete 

Card table byte_map: [0x000002827d0b0000,0x000002827d4a0000] _byte_map_base: 0x000002827cca0000

Marking Bits (Prev, Next): (CMBitMap*) 0x000002827ade34b8, (CMBitMap*) 0x000002827ade34f0
 Prev Bits: [0x000002827d890000, 0x000002827f810000)
 Next Bits: [0x0000028217250000, 0x00000282191d0000)

Polling page: 0x000002827ae90000

Metaspace:

Usage:
  Non-class:      7.81 MB capacity,     7.77 MB (>99%) used,    36.69 KB ( <1%) free+waste,     6.31 KB ( <1%) overhead. 
      Class:    802.00 KB capacity,   764.55 KB ( 95%) used,    35.02 KB (  4%) free+waste,     2.44 KB ( <1%) overhead. 
       Both:      8.60 MB capacity,     8.52 MB (>99%) used,    71.70 KB ( <1%) free+waste,     8.75 KB ( <1%) overhead. 

Virtual space:
  Non-class space:        8.00 MB reserved,       8.00 MB (100%) committed 
      Class space:        1.00 GB reserved,     896.00 KB ( <1%) committed 
             Both:        1.01 GB reserved,       8.88 MB ( <1%) committed 

Chunk freelists:
   Non-Class:  0 bytes
       Class:  3.75 KB
        Both:  3.75 KB

CodeHeap 'non-profiled nmethods': size=120064Kb used=111Kb max_used=111Kb free=119952Kb
 bounds [0x000002820fd10000, 0x000002820ff80000, 0x0000028217250000]
CodeHeap 'profiled nmethods': size=120000Kb used=539Kb max_used=539Kb free=119460Kb
 bounds [0x00000282087e0000, 0x0000028208a50000, 0x000002820fd10000]
CodeHeap 'non-nmethods': size=5696Kb used=1146Kb max_used=1157Kb free=4549Kb
 bounds [0x0000028208250000, 0x00000282084c0000, 0x00000282087e0000]
 total_blobs=839 nmethods=380 adapters=276
 compilation: enabled
              stopped_count=0, restarted_count=0
 full_count=0

Compilation events (10 events):
Event: 414.985 Thread 0x000002827fea3800  376       3       org.eclipse.jdt.launching.internal.org.objectweb.asm.ByteVector::putUTF8 (144 bytes)
Event: 414.986 Thread 0x000002827fea3800 nmethod 376 0x0000028208863f10 code [0x00000282088641a0, 0x0000028208864d10]
Event: 414.986 Thread 0x000002827fea3800  377       3       org.eclipse.jdt.launching.internal.org.objectweb.asm.SymbolTable::addConstantUtf8 (98 bytes)
Event: 414.987 Thread 0x000002827fea3800 nmethod 377 0x0000028208865290 code [0x00000282088654e0, 0x0000028208865be0]
Event: 441.333 Thread 0x000002827fea3800  378       3       org.eclipse.jdt.launching.internal.org.objectweb.asm.ClassReader::readUTF8 (23 bytes)
Event: 441.333 Thread 0x000002827fea3800 nmethod 378 0x0000028208865f90 code [0x0000028208866160, 0x0000028208866470]
Event: 441.333 Thread 0x000002827fea3800  379       3       org.eclipse.jdt.launching.internal.org.objectweb.asm.ClassReader::readUtf (44 bytes)
Event: 441.336 Thread 0x000002827fea3800 nmethod 379 0x0000028208866610 code [0x0000028208866800, 0x0000028208866cf0]
Event: 441.336 Thread 0x000002827fea3800  380       1       java.lang.Integer::intValue (5 bytes)
Event: 441.336 Thread 0x000002827fea3800 nmethod 380 0x000002820fd2b990 code [0x000002820fd2bb40, 0x000002820fd2bc58]

GC Heap History (0 events):
No events

Deoptimization events (2 events):
Event: 0.205 Thread 0x000002827ada6800 Uncommon trap: reason=unstable_if action=reinterpret pc=0x000002820fd1dad0 method=java.util.HashMap.putVal(ILjava/lang/Object;Ljava/lang/Object;ZZ)Ljava/lang/Object; @ 69 c2
Event: 0.468 Thread 0x000002827ada6800 Uncommon trap: reason=unstable_if action=reinterpret pc=0x000002820fd1f178 method=java.lang.String.isLatin1()Z @ 10 c2

Classes redefined (6 events):
Event: 36.975 Thread 0x000002827fe4c000 redefined class name=cursojava.executavel.PrimeiraClasseJava, count=1
Event: 61.969 Thread 0x000002827fe4c000 redefined class name=cursojava.executavel.PrimeiraClasseJava, count=2
Event: 136.764 Thread 0x000002827fe4c000 redefined class name=cursojava.executavel.PrimeiraClasseJava, count=3
Event: 190.859 Thread 0x000002827fe4c000 redefined class name=cursojava.executavel.PrimeiraClasseJava, count=4
Event: 414.989 Thread 0x000002827fe4c000 redefined class name=cursojava.executavel.PrimeiraClasseJava, count=5
Event: 441.335 Thread 0x000002827fe4c000 redefined class name=cursojava.executavel.PrimeiraClasseJava, count=6

Internal exceptions (0 events):
No events

Events (10 events):
Event: 443.641 Executing VM operation: GetFrameCount done
Event: 443.641 Executing VM operation: GetOwnedMonitorInfo
Event: 443.641 Executing VM operation: GetOwnedMonitorInfo done
Event: 443.641 Executing VM operation: GetCurrentContendedMonitor
Event: 443.641 Executing VM operation: GetCurrentContendedMonitor done
Event: 443.642 Executing VM operation: GetCurrentContendedMonitor
Event: 443.642 Executing VM operation: GetCurrentContendedMonitor done
Event: 443.643 Executing VM operation: GetOwnedMonitorInfo
Event: 443.643 Executing VM operation: GetOwnedMonitorInfo done
Event: 451.678 Executing VM operation: GetOrSetLocal


Dynamic libraries:
0x00007ff746a90000 - 0x00007ff746ad7000 	C:\Program Files\Java\jdk\Caio\bin\javaw.exe
0x00007ff932150000 - 0x00007ff932348000 	C:\WINDOWS\SYSTEM32\ntdll.dll
0x00007ff931bc0000 - 0x00007ff931c7f000 	C:\WINDOWS\System32\KERNEL32.DLL
0x00007ff92fdb0000 - 0x00007ff9300a6000 	C:\WINDOWS\System32\KERNELBASE.dll
0x00007ff9315f0000 - 0x00007ff93169f000 	C:\WINDOWS\System32\ADVAPI32.dll
0x00007ff931740000 - 0x00007ff9317de000 	C:\WINDOWS\System32\msvcrt.dll
0x00007ff9316a0000 - 0x00007ff93173c000 	C:\WINDOWS\System32\sechost.dll
0x00007ff930b20000 - 0x00007ff930c46000 	C:\WINDOWS\System32\RPCRT4.dll
0x00007ff931970000 - 0x00007ff931b0d000 	C:\WINDOWS\System32\USER32.dll
0x00007ff92f830000 - 0x00007ff92f852000 	C:\WINDOWS\System32\win32u.dll
0x00007ff930390000 - 0x00007ff9303bc000 	C:\WINDOWS\System32\GDI32.dll
0x00007ff92f860000 - 0x00007ff92f975000 	C:\WINDOWS\System32\gdi32full.dll
0x00007ff92fc10000 - 0x00007ff92fcad000 	C:\WINDOWS\System32\msvcp_win.dll
0x00007ff9300b0000 - 0x00007ff9301b0000 	C:\WINDOWS\System32\ucrtbase.dll
0x00007ff921d80000 - 0x00007ff92201a000 	C:\WINDOWS\WinSxS\amd64_microsoft.windows.common-controls_6595b64144ccf1df_6.0.19041.1110_none_60b5254171f9507e\COMCTL32.dll
0x00007ff9226a0000 - 0x00007ff9226aa000 	C:\WINDOWS\SYSTEM32\VERSION.dll
0x00007ff931eb0000 - 0x00007ff931ee0000 	C:\WINDOWS\System32\IMM32.DLL
0x00007ff920ff0000 - 0x00007ff921006000 	C:\Program Files\Java\jdk\Caio\bin\vcruntime140.dll
0x00007ff91a9b0000 - 0x00007ff91aa5a000 	C:\Program Files\Java\jdk\Caio\bin\msvcp140.dll
0x00007ff900e20000 - 0x00007ff901962000 	C:\Program Files\Java\jdk\Caio\bin\server\jvm.dll
0x00007ff930cb0000 - 0x00007ff930cb8000 	C:\WINDOWS\System32\PSAPI.DLL
0x00007ff929b80000 - 0x00007ff929b89000 	C:\WINDOWS\SYSTEM32\WSOCK32.dll
0x00007ff919070000 - 0x00007ff919097000 	C:\WINDOWS\SYSTEM32\WINMM.dll
0x00007ff932040000 - 0x00007ff9320ab000 	C:\WINDOWS\System32\WS2_32.dll
0x00007ff92d6f0000 - 0x00007ff92d702000 	C:\WINDOWS\SYSTEM32\kernel.appcore.dll
0x00007ff9195a0000 - 0x00007ff9195b1000 	C:\Program Files\Java\jdk\Caio\bin\verify.dll
0x00007ff922270000 - 0x00007ff922454000 	C:\WINDOWS\SYSTEM32\DBGHELP.DLL
0x00007ff922230000 - 0x00007ff922264000 	C:\WINDOWS\SYSTEM32\dbgcore.DLL
0x00007ff92f9b0000 - 0x00007ff92fa32000 	C:\WINDOWS\System32\bcryptPrimitives.dll
0x00007ff916370000 - 0x00007ff916399000 	C:\Program Files\Java\jdk\Caio\bin\java.dll
0x00007ff91aae0000 - 0x00007ff91ab17000 	C:\Program Files\Java\jdk\Caio\bin\jdwp.dll
0x00007ff91f4d0000 - 0x00007ff91f4ff000 	C:\Program Files\Java\jdk\Caio\bin\instrument.dll
0x00007ff916240000 - 0x00007ff916256000 	C:\Program Files\Java\jdk\Caio\bin\zip.dll
0x00007ff92b1f0000 - 0x00007ff92b1fa000 	C:\Program Files\Java\jdk\Caio\bin\jimage.dll
0x00007ff9303c0000 - 0x00007ff930b04000 	C:\WINDOWS\System32\SHELL32.dll
0x00007ff92d8f0000 - 0x00007ff92e083000 	C:\WINDOWS\SYSTEM32\windows.storage.dll
0x00007ff930cc0000 - 0x00007ff931014000 	C:\WINDOWS\System32\combase.dll
0x00007ff92f1b0000 - 0x00007ff92f1de000 	C:\WINDOWS\SYSTEM32\Wldp.dll
0x00007ff931b10000 - 0x00007ff931bbd000 	C:\WINDOWS\System32\SHCORE.dll
0x00007ff931910000 - 0x00007ff931965000 	C:\WINDOWS\System32\shlwapi.dll
0x00007ff92f770000 - 0x00007ff92f78f000 	C:\WINDOWS\SYSTEM32\profapi.dll
0x00007ff92cb50000 - 0x00007ff92cb5a000 	C:\Program Files\Java\jdk\Caio\bin\dt_socket.dll
0x00007ff92ef10000 - 0x00007ff92ef7a000 	C:\WINDOWS\System32\mswsock.dll
0x00007ff92ec40000 - 0x00007ff92ed0b000 	C:\WINDOWS\SYSTEM32\DNSAPI.dll
0x00007ff92ec00000 - 0x00007ff92ec3c000 	C:\WINDOWS\SYSTEM32\IPHLPAPI.DLL
0x00007ff931900000 - 0x00007ff931908000 	C:\WINDOWS\System32\NSI.dll
0x00007ff922040000 - 0x00007ff9220c2000 	C:\WINDOWS\System32\fwpuclnt.dll
0x00007ff92f980000 - 0x00007ff92f9a7000 	C:\WINDOWS\System32\bcrypt.dll
0x00007ff9226b0000 - 0x00007ff9226ba000 	C:\Windows\System32\rasadhlp.dll
0x00007ff916080000 - 0x00007ff916099000 	C:\Program Files\Java\jdk\Caio\bin\net.dll
0x00007ff922db0000 - 0x00007ff922eba000 	C:\WINDOWS\SYSTEM32\WINHTTP.dll
0x00007ff915a60000 - 0x00007ff915a73000 	C:\Program Files\Java\jdk\Caio\bin\nio.dll

dbghelp: loaded successfully - version: 4.0.5 - missing functions: none
symbol engine: initialized successfully - sym options: 0x614 - pdb path: .;C:\Program Files\Java\jdk\Caio\bin;C:\WINDOWS\SYSTEM32;C:\WINDOWS\WinSxS\amd64_microsoft.windows.common-controls_6595b64144ccf1df_6.0.19041.1110_none_60b5254171f9507e;C:\Program Files\Java\jdk\Caio\bin\server

VM Arguments:
jvm_args: -agentlib:jdwp=transport=dt_socket,suspend=y,address=localhost:51453 -javaagent:C:\eclipse\configuration\org.eclipse.osgi\409\0\.cp\lib\javaagent-shaded.jar -Dfile.encoding=Cp1252 
java_command: cursojava.executavel.PrimeiraClasseJava
java_class_path (initial): C:\Users\Geyse\git\repository\Primeiro-programa-java\bin
Launcher Type: SUN_STANDARD

[Global flags]
     intx CICompilerCount                          = 3                                         {product} {ergonomic}
     uint ConcGCThreads                            = 1                                         {product} {ergonomic}
     uint G1ConcRefinementThreads                  = 4                                         {product} {ergonomic}
   size_t G1HeapRegionSize                         = 1048576                                   {product} {ergonomic}
    uintx GCDrainStackTargetSize                   = 64                                        {product} {ergonomic}
   size_t InitialHeapSize                          = 132120576                                 {product} {ergonomic}
   size_t MarkStackSize                            = 4194304                                   {product} {ergonomic}
   size_t MaxHeapSize                              = 2113929216                                {product} {ergonomic}
   size_t MaxNewSize                               = 1267728384                                {product} {ergonomic}
   size_t MinHeapDeltaBytes                        = 1048576                                   {product} {ergonomic}
    uintx NonNMethodCodeHeapSize                   = 5830092                                {pd product} {ergonomic}
    uintx NonProfiledCodeHeapSize                  = 122914074                              {pd product} {ergonomic}
    uintx ProfiledCodeHeapSize                     = 122914074                              {pd product} {ergonomic}
    uintx ReservedCodeCacheSize                    = 251658240                              {pd product} {ergonomic}
     bool SegmentedCodeCache                       = true                                      {product} {ergonomic}
     bool UseCompressedClassPointers               = true                                 {lp64_product} {ergonomic}
     bool UseCompressedOops                        = true                                 {lp64_product} {ergonomic}
     bool UseG1GC                                  = true                                      {product} {ergonomic}
     bool UseLargePagesIndividualAllocation        = false                                  {pd product} {ergonomic}

Logging:
Log output configuration:
 #0: stdout all=warning uptime,level,tags
 #1: stderr all=off uptime,level,tags

Environment Variables:
JAVA_HOME=C:\Program Files\Java\jdk\Caio
PATH=C:/Program Files/Java/jdk/Caio/bin/server;C:/Program Files/Java/jdk/Caio/bin;C:\WINDOWS\system32;C:\WINDOWS;C:\WINDOWS\System32\Wbem;C:\WINDOWS\System32\WindowsPowerShell\v1.0\;C:\WINDOWS\System32\OpenSSH\;C:\ProgramData\UNIVALI\Portugol Studio;C:\Program Files\Java\jdk\Caio\bin;C:\Users\Geyse\AppData\Local\Programs\Python\Python310\Scripts\;C:\Users\Geyse\AppData\Local\Programs\Python\Python310\;C:\Users\Geyse\AppData\Local\Microsoft\WindowsApps;;;C:\Users\Geyse\AppData\Local\Programs\Microsoft VS Code\bin;C:\eclipse;
USERNAME=Geyse
OS=Windows_NT
PROCESSOR_IDENTIFIER=Intel64 Family 6 Model 142 Stepping 9, GenuineIntel



---------------  S Y S T E M  ---------------

OS: Windows 10 , 64 bit Build 19041 (10.0.19041.2913)

CPU:total 4 (initial active 4) (2 cores per cpu, 2 threads per core) family 6 model 142 stepping 9, cmov, cx8, fxsr, mmx, sse, sse2, sse3, ssse3, sse4.1, sse4.2, popcnt, avx, avx2, aes, clmul, erms, 3dnowpref, lzcnt, ht, tsc, tscinvbit, bmi1, bmi2, adx, fma

Memory: 4k page, system-wide physical 8060M (3136M free)
TotalPageFile size 9340M (AvailPageFile size 3124M)
current process WorkingSet (physical memory assigned to process): 43M, peak: 44M
current process commit charge ("private bytes"): 199M, peak: 201M

vm_info: Java HotSpot(TM) 64-Bit Server VM (11.0.1+13-LTS) for windows-amd64 JRE (11.0.1+13-LTS), built on Oct  6 2018 13:20:16 by "mach5one" with MS VC++ 15.5 (VS2017)

END.
